<?xml version="1.0" encoding="UTF-8"?>
<testsuite name="edu.touro.mco152.bm.DiskMarkTest" tests="4" skipped="0" failures="0" errors="0" timestamp="2026-03-23T22:32:42.170Z" hostname="LAPTOP-QH4GRT7M" time="0.052">
  <properties/>
  <testcase name="getBwMbSecAsString_zeroBandwidth_returnsZeroString()" classname="edu.touro.mco152.bm.DiskMarkTest" time="0.003"/>
  <testcase name="setGetMarkNum_roundTrip_retrievesSameValue()" classname="edu.touro.mco152.bm.DiskMarkTest" time="0.002"/>
  <testcase name="getBwMbSecAsString_standardValue_conformsToDecimalFormat()" classname="edu.touro.mco152.bm.DiskMarkTest" time="0.014"/>
  <testcase name="toString_standardWriteMark_containsAllFourExpectedComponents()" classname="edu.touro.mco152.bm.DiskMarkTest" time="0.026"/>
  <system-out><![CDATA[]]></system-out>
  <system-err><![CDATA[]]></system-err>
</testsuite>
