<?xml version="1.0" encoding="UTF-8"?>
<testsuite name="edu.touro.mco152.bm.DiskWorkerDIPTest" tests="1" skipped="0" failures="0" errors="0" timestamp="2026-03-22T19:25:27.673Z" hostname="LAPTOP-QH4GRT7M" time="6.569">
  <properties/>
  <testcase name="writeOnlyBenchmarkCompletesSuccessfully()" classname="edu.touro.mco152.bm.DiskWorkerDIPTest" time="6.568"/>
  <system-out><![CDATA[os: Windows 11
Windows PowerShell
Copyright (C) Microsoft Corporation. All rights reserved.

Install the latest PowerShell for new features and improvements! https://aka.ms/PSWindows

[EL Fine]: server: 2026-03-22 15:25:28.773--Thread(Thread[#1,Test worker,5,main])--Configured server platform: org.eclipse.persistence.platform.server.NoServerPlatform
[EL Config]: metadata: 2026-03-22 15:25:29.356--ServerSession(1926027290)--Thread(Thread[#1,Test worker,5,main])--The access type for the persistent class [class edu.touro.mco152.bm.persist.DiskRun] is set to [FIELD].
[EL Config]: metadata: 2026-03-22 15:25:29.448--ServerSession(1926027290)--Thread(Thread[#1,Test worker,5,main])--The alias name for the entity class [class edu.touro.mco152.bm.persist.DiskRun] is being defaulted to: DiskRun.
[EL Config]: metadata: 2026-03-22 15:25:29.52--ServerSession(1926027290)--Thread(Thread[#1,Test worker,5,main])--The column name for element [ioMode] is being defaulted to: IOMODE.
[EL Config]: metadata: 2026-03-22 15:25:29.536--ServerSession(1926027290)--Thread(Thread[#1,Test worker,5,main])--The column name for element [numMarks] is being defaulted to: NUMMARKS.
[EL Config]: metadata: 2026-03-22 15:25:29.54--ServerSession(1926027290)--Thread(Thread[#1,Test worker,5,main])--The column name for element [runMin] is being defaulted to: RUNMIN.
[EL Config]: metadata: 2026-03-22 15:25:29.541--ServerSession(1926027290)--Thread(Thread[#1,Test worker,5,main])--The column name for element [runAvg] is being defaulted to: RUNAVG.
[EL Config]: metadata: 2026-03-22 15:25:29.542--ServerSession(1926027290)--Thread(Thread[#1,Test worker,5,main])--The column name for element [diskInfo] is being defaulted to: DISKINFO.
[EL Config]: metadata: 2026-03-22 15:25:29.546--ServerSession(1926027290)--Thread(Thread[#1,Test worker,5,main])--The column name for element [totalMarks] is being defaulted to: TOTALMARKS.
[EL Config]: metadata: 2026-03-22 15:25:29.547--ServerSession(1926027290)--Thread(Thread[#1,Test worker,5,main])--The column name for element [blockOrder] is being defaulted to: BLOCKORDER.
[EL Config]: metadata: 2026-03-22 15:25:29.548--ServerSession(1926027290)--Thread(Thread[#1,Test worker,5,main])--The column name for element [blockSize] is being defaulted to: BLOCKSIZE.
[EL Config]: metadata: 2026-03-22 15:25:29.549--ServerSession(1926027290)--Thread(Thread[#1,Test worker,5,main])--The column name for element [txSize] is being defaulted to: TXSIZE.
[EL Config]: metadata: 2026-03-22 15:25:29.55--ServerSession(1926027290)--Thread(Thread[#1,Test worker,5,main])--The column name for element [numBlocks] is being defaulted to: NUMBLOCKS.
[EL Config]: metadata: 2026-03-22 15:25:29.551--ServerSession(1926027290)--Thread(Thread[#1,Test worker,5,main])--The column name for element [runMax] is being defaulted to: RUNMAX.
[EL Config]: metadata: 2026-03-22 15:25:29.551--ServerSession(1926027290)--Thread(Thread[#1,Test worker,5,main])--The column name for element [startTime] is being defaulted to: STARTTIME.
[EL Config]: metadata: 2026-03-22 15:25:29.555--ServerSession(1926027290)--Thread(Thread[#1,Test worker,5,main])--The column name for element [id] is being defaulted to: ID.
[EL Config]: metadata: 2026-03-22 15:25:29.556--ServerSession(1926027290)--Thread(Thread[#1,Test worker,5,main])--The column name for element [endTime] is being defaulted to: ENDTIME.
[EL Info]: 2026-03-22 15:25:30.241--ServerSession(1926027290)--Thread(Thread[#1,Test worker,5,main])--EclipseLink, version: Eclipse Persistence Services - 4.0.2.v202306161219
[EL Fine]: connection: 2026-03-22 15:25:32.564--Thread(Thread[#1,Test worker,5,main])--Detected database platform: org.eclipse.persistence.platform.database.JavaDBPlatform
[EL Fine]: connection: 2026-03-22 15:25:32.624--ServerSession(1926027290)--Connection(724886412)--Thread(Thread[#1,Test worker,5,main])--connecting(DatabaseLogin(
	platform=>JavaDBPlatform
	user name=> ""
	datasource URL=> "jdbc:derby:derbyDB;create=true"
))
[EL Config]: connection: 2026-03-22 15:25:32.635--ServerSession(1926027290)--Connection(347136295)--Thread(Thread[#1,Test worker,5,main])--Connected: jdbc:derby:derbyDB
	User: APP
	Database: Apache Derby  Version: 10.15.2.0 - (1873585)
	Driver: Apache Derby Embedded JDBC Driver  Version: 10.15.2.0 - (1873585)
[EL Fine]: connection: 2026-03-22 15:25:32.952--ServerSession(1926027290)--Thread(Thread[#1,Test worker,5,main])--/file:/C:/Users/yosef wolf/Desktop/BadBM/lcmbadbm/app/build/resources/main/_jDiskMarkPU login successful
[EL Fine]: sql: 2026-03-22 15:25:34.015--ClientSession(1893088773)--Connection(347136295)--Thread(Thread[#1,Test worker,5,main])--INSERT INTO DiskRun (BLOCKORDER, BLOCKSIZE, DISKINFO, ENDTIME, IOMODE, NUMBLOCKS, NUMMARKS, RUNAVG, RUNMAX, RUNMIN, STARTTIME, TOTALMARKS, TXSIZE) VALUES (?, ?, ?, ?, ?, ?, ?, ?, ?, ?, ?, ?, ?)
	bind => [0, 64, Unknown-Drive-Model for: C, 2026-03-22 15:25:28.126, 1, 4, 2, 5.718309154785073, 6.537520135562017, 4.899098174008128, 2026-03-22 15:25:27.73, 0, 512]
]]></system-out>
  <system-err><![CDATA[Mar 22, 2026 3:25:27 PM edu.touro.mco152.bm.DiskWorker executeBenchmark
INFO: *** New worker thread started ***
]]></system-err>
</testsuite>
