<?xml version="1.0" encoding="UTF-8"?>
<testsuite name="edu.touro.mco152.bm.AppTest" tests="12" skipped="0" failures="1" errors="0" timestamp="2026-03-23T22:32:41.411Z" hostname="LAPTOP-QH4GRT7M" time="0.751">
  <properties/>
  <testcase name="[1] 64, 4, 256" classname="edu.touro.mco152.bm.AppTest" time="0.251"/>
  <testcase name="[2] 128, 8, 1024" classname="edu.touro.mco152.bm.AppTest" time="0.005"/>
  <testcase name="[3] 512, 32, 16384" classname="edu.touro.mco152.bm.AppTest" time="0.003"/>
  <testcase name="[4] 1024, 16, 16384" classname="edu.touro.mco152.bm.AppTest" time="0.005"/>
  <testcase name="[5] 1, 1, 1" classname="edu.touro.mco152.bm.AppTest" time="0.007"/>
  <testcase name="resetTestData_afterPopulatingMetrics_resetsAllToSentinel()" classname="edu.touro.mco152.bm.AppTest" time="0.011"/>
  <testcase name="updateMetrics_firstWriteMark_initializesAllWriteMetrics()" classname="edu.touro.mco152.bm.AppTest" time="0.008"/>
  <testcase name="targetMarkSizeKb_minimumInputs_returnsOne()" classname="edu.touro.mco152.bm.AppTest" time="0.004"/>
  <testcase name="targetTxSizeKb_repeatedCalls_completeInUnder100ms()" classname="edu.touro.mco152.bm.AppTest" time="0.017"/>
  <testcase name="updateMetrics_multipleWriteMarks_statisticsAreOrderedCorrectly()" classname="edu.touro.mco152.bm.AppTest" time="0.003"/>
  <testcase name="targetTxSizeKb_equalsNumOfMarksTimesTargetMarkSizeKb()" classname="edu.touro.mco152.bm.AppTest" time="0.051">
    <failure message="org.opentest4j.AssertionFailedError: targetTxSizeKb must equal numOfMarks * targetMarkSizeKb ==&gt; expected: &lt;409600&gt; but was: &lt;16409&gt;" type="org.opentest4j.AssertionFailedError">org.opentest4j.AssertionFailedError: targetTxSizeKb must equal numOfMarks * targetMarkSizeKb ==&gt; expected: &lt;409600&gt; but was: &lt;16409&gt;
	at org.junit.jupiter.api.AssertionFailureBuilder.build(AssertionFailureBuilder.java:151)
	at org.junit.jupiter.api.AssertionFailureBuilder.buildAndThrow(AssertionFailureBuilder.java:132)
	at org.junit.jupiter.api.AssertEquals.failNotEqual(AssertEquals.java:197)
	at org.junit.jupiter.api.AssertEquals.assertEquals(AssertEquals.java:166)
	at org.junit.jupiter.api.Assertions.assertEquals(Assertions.java:664)
	at edu.touro.mco152.bm.AppTest.targetTxSizeKb_equalsNumOfMarksTimesTargetMarkSizeKb(AppTest.java:99)
	at java.base/java.lang.reflect.Method.invoke(Method.java:580)
	at java.base/java.util.ArrayList.forEach(ArrayList.java:1596)
	at java.base/java.util.ArrayList.forEach(ArrayList.java:1596)
</failure>
  </testcase>
  <testcase name="targetMarkSizeKb_standardConfig_returnsCorrectProduct()" classname="edu.touro.mco152.bm.AppTest" time="0.004"/>
  <system-out><![CDATA[]]></system-out>
  <system-err><![CDATA[]]></system-err>
</testsuite>
