<?xml version="1.0" encoding="UTF-8"?>
<testsuite name="edu.touro.mco152.bm.AppTest" tests="12" skipped="0" failures="0" errors="0" timestamp="2026-03-22T19:25:27.330Z" hostname="LAPTOP-QH4GRT7M" time="0.312">
  <properties/>
  <testcase name="[1] 64, 4, 256" classname="edu.touro.mco152.bm.AppTest" time="0.12"/>
  <testcase name="[2] 128, 8, 1024" classname="edu.touro.mco152.bm.AppTest" time="0.002"/>
  <testcase name="[3] 512, 32, 16384" classname="edu.touro.mco152.bm.AppTest" time="0.003"/>
  <testcase name="[4] 1024, 16, 16384" classname="edu.touro.mco152.bm.AppTest" time="0.002"/>
  <testcase name="[5] 1, 1, 1" classname="edu.touro.mco152.bm.AppTest" time="0.001"/>
  <testcase name="resetTestData_afterPopulatingMetrics_resetsAllToSentinel()" classname="edu.touro.mco152.bm.AppTest" time="0.006"/>
  <testcase name="updateMetrics_firstWriteMark_initializesAllWriteMetrics()" classname="edu.touro.mco152.bm.AppTest" time="0.004"/>
  <testcase name="targetMarkSizeKb_minimumInputs_returnsOne()" classname="edu.touro.mco152.bm.AppTest" time="0.002"/>
  <testcase name="targetTxSizeKb_repeatedCalls_completeInUnder100ms()" classname="edu.touro.mco152.bm.AppTest" time="0.005"/>
  <testcase name="updateMetrics_multipleWriteMarks_statisticsAreOrderedCorrectly()" classname="edu.touro.mco152.bm.AppTest" time="0.001"/>
  <testcase name="targetTxSizeKb_equalsNumOfMarksTimesTargetMarkSizeKb()" classname="edu.touro.mco152.bm.AppTest" time="0.002"/>
  <testcase name="targetMarkSizeKb_standardConfig_returnsCorrectProduct()" classname="edu.touro.mco152.bm.AppTest" time="0.001"/>
  <system-out><![CDATA[]]></system-out>
  <system-err><![CDATA[]]></system-err>
</testsuite>
